{
  "0 debug pnpm:scope": {
    "selected": 1
  },
  "1 info pnpm": {
    "err": {
      "name": "Error",
      "message": "not found: instlal",
      "code": "ENOENT",
      "stack": "Error: not found: instlal\n    at getNotFoundError (/opt/homebrew/Cellar/pnpm/6.24.4/libexec/lib/node_modules/pnpm/dist/pnpm.cjs:41455:51)\n    at Function.whichSync [as sync] (/opt/homebrew/Cellar/pnpm/6.24.4/libexec/lib/node_modules/pnpm/dist/pnpm.cjs:41532:13)\n    at getCommandAbsolutePathSync (/opt/homebrew/Cellar/pnpm/6.24.4/libexec/lib/node_modules/pnpm/dist/pnpm.cjs:43097:44)\n    at default_1 (/opt/homebrew/Cellar/pnpm/6.24.4/libexec/lib/node_modules/pnpm/dist/pnpm.cjs:43106:32)\n    at /opt/homebrew/Cellar/pnpm/6.24.4/libexec/lib/node_modules/pnpm/dist/pnpm.cjs:179764:39"
    }
  },
  "2 error pnpm": {
    "code": "ERR_PNPM_RECURSIVE_EXEC_FIRST_FAIL",
    "prefix": "/Users/chrisbailey/dev/projects/web/floor_track",
    "err": {
      "name": "pnpm",
      "message": "not found: instlal",
      "code": "ERR_PNPM_RECURSIVE_EXEC_FIRST_FAIL",
      "stack": "Error: not found: instlal\n    at getNotFoundError (/opt/homebrew/Cellar/pnpm/6.24.4/libexec/lib/node_modules/pnpm/dist/pnpm.cjs:41455:51)\n    at Function.whichSync [as sync] (/opt/homebrew/Cellar/pnpm/6.24.4/libexec/lib/node_modules/pnpm/dist/pnpm.cjs:41532:13)\n    at getCommandAbsolutePathSync (/opt/homebrew/Cellar/pnpm/6.24.4/libexec/lib/node_modules/pnpm/dist/pnpm.cjs:43097:44)\n    at default_1 (/opt/homebrew/Cellar/pnpm/6.24.4/libexec/lib/node_modules/pnpm/dist/pnpm.cjs:43106:32)\n    at /opt/homebrew/Cellar/pnpm/6.24.4/libexec/lib/node_modules/pnpm/dist/pnpm.cjs:179764:39"
    }
  }
}